# JRE version: 7.0_17-b02
# Java VM: Java HotSpot(TM) 64-Bit Server VM (23.7-b01 mixed mode windows-amd64 compressed oops)
Heap
 PSYoungGen      total 677440K, used 148654K [0x00000007d5cb0000, 0x0000000800000000, 0x0000000800000000)
  eden space 663360K, 21% used [0x00000007d5cb0000,0x00000007de7a5188,0x00000007fe480000)
  from space 14080K, 45% used [0x00000007fe480000,0x00000007feab66a8,0x00000007ff240000)
  to   space 13440K, 0% used [0x00000007ff2e0000,0x00000007ff2e0000,0x0000000800000000)
 ParOldGen       total 86400K, used 40967K [0x0000000781600000, 0x0000000786a60000, 0x00000007d5cb0000)
  object space 86400K, 47% used [0x0000000781600000,0x0000000783e01d50,0x0000000786a60000)
 PSPermGen       total 53504K, used 53474K [0x000000077c400000, 0x000000077f840000, 0x0000000781600000)
  object space 53504K, 99% used [0x000000077c400000,0x000000077f838908,0x000000077f840000)
GC Heap History (10 events):
Event: 2.874 GC heap before
{Heap before GC invocations=11 (full 0):
 PSYoungGen      total 421696K, used 419040K [0x00000007d5cb0000, 0x00000007eff20000, 0x0000000800000000)
  eden space 415104K, 100% used [0x00000007d5cb0000,0x00000007ef210000,0x00000007ef210000)
  from space 6592K, 59% used [0x00000007ef890000,0x00000007efc68000,0x00000007eff00000)
  to   space 6656K, 0% used [0x00000007ef210000,0x00000007ef210000,0x00000007ef890000)
 ParOldGen       total 86400K, used 8515K [0x0000000781600000, 0x0000000786a60000, 0x00000007d5cb0000)
  object space 86400K, 9% used [0x0000000781600000,0x0000000781e50cd0,0x0000000786a60000)
 PSPermGen       total 21248K, used 20597K [0x000000077c400000, 0x000000077d8c0000, 0x0000000781600000)
  object space 21248K, 96% used [0x000000077c400000,0x000000077d81d530,0x000000077d8c0000)
Event: 2.880 GC heap after
Heap after GC invocations=11 (full 0):
 PSYoungGen      total 421760K, used 6633K [0x00000007d5cb0000, 0x00000007ff4d0000, 0x0000000800000000)
  eden space 415104K, 0% used [0x00000007d5cb0000,0x00000007d5cb0000,0x00000007ef210000)
  from space 6656K, 99% used [0x00000007ef210000,0x00000007ef88a468,0x00000007ef890000)
  to   space 7936K, 0% used [0x00000007fed10000,0x00000007fed10000,0x00000007ff4d0000)
 ParOldGen       total 86400K, used 10827K [0x0000000781600000, 0x0000000786a60000, 0x00000007d5cb0000)
  object space 86400K, 12% used [0x0000000781600000,0x0000000782092cd0,0x0000000786a60000)
 PSPermGen       total 21248K, used 20597K [0x000000077c400000, 0x000000077d8c0000, 0x0000000781600000)
  object space 21248K, 96% used [0x000000077c400000,0x000000077d81d530,0x000000077d8c0000)
}
Event: 3.272 GC heap before
{Heap before GC invocations=12 (full 0):
 PSYoungGen      total 421760K, used 421737K [0x00000007d5cb0000, 0x00000007ff4d0000, 0x0000000800000000)
  eden space 415104K, 100% used [0x00000007d5cb0000,0x00000007ef210000,0x00000007ef210000)
  from space 6656K, 99% used [0x00000007ef210000,0x00000007ef88a468,0x00000007ef890000)
  to   space 7936K, 0% used [0x00000007fed10000,0x00000007fed10000,0x00000007ff4d0000)
 ParOldGen       total 86400K, used 10827K [0x0000000781600000, 0x0000000786a60000, 0x00000007d5cb0000)
  object space 86400K, 12% used [0x0000000781600000,0x0000000782092cd0,0x0000000786a60000)
 PSPermGen       total 21248K, used 21044K [0x000000077c400000, 0x000000077d8c0000, 0x0000000781600000)
  object space 21248K, 99% used [0x000000077c400000,0x000000077d88d110,0x000000077d8c0000)
Event: 3.281 GC heap after
Heap after GC invocations=12 (full 0):
 PSYoungGen      total 671744K, used 5575K [0x00000007d5cb0000, 0x00000007ff470000, 0x0000000800000000)
  eden space 664192K, 0% used [0x00000007d5cb0000,0x00000007d5cb0000,0x00000007fe550000)
  from space 7552K, 73% used [0x00000007fed10000,0x00000007ff281ed0,0x00000007ff470000)
  to   space 7744K, 0% used [0x00000007fe550000,0x00000007fe550000,0x00000007fece0000)
 ParOldGen       total 86400K, used 17542K [0x0000000781600000, 0x0000000786a60000, 0x00000007d5cb0000)
  object space 86400K, 20% used [0x0000000781600000,0x0000000782721978,0x0000000786a60000)
 PSPermGen       total 21248K, used 21044K [0x000000077c400000, 0x000000077d8c0000, 0x0000000781600000)
  object space 21248K, 99% used [0x000000077c400000,0x000000077d88d110,0x000000077d8c0000)
}
Event: 3.815 GC heap before
{Heap before GC invocations=13 (full 0):
 PSYoungGen      total 671744K, used 669767K [0x00000007d5cb0000, 0x00000007ff470000, 0x0000000800000000)
  eden space 664192K, 100% used [0x00000007d5cb0000,0x00000007fe550000,0x00000007fe550000)
  from space 7552K, 73% used [0x00000007fed10000,0x00000007ff281ed0,0x00000007ff470000)
  to   space 7744K, 0% used [0x00000007fe550000,0x00000007fe550000,0x00000007fece0000)
 ParOldGen       total 86400K, used 17542K [0x0000000781600000, 0x0000000786a60000, 0x00000007d5cb0000)
  object space 86400K, 20% used [0x0000000781600000,0x0000000782721978,0x0000000786a60000)
 PSPermGen       total 21824K, used 21653K [0x000000077c400000, 0x000000077d950000, 0x0000000781600000)
  object space 21824K, 99% used [0x000000077c400000,0x000000077d9254c8,0x000000077d950000)
Event: 3.818 GC heap after
Heap after GC invocations=13 (full 0):
 PSYoungGen      total 671936K, used 1856K [0x00000007d5cb0000, 0x0000000800000000, 0x0000000800000000)
  eden space 664192K, 0% used [0x00000007d5cb0000,0x00000007d5cb0000,0x00000007fe550000)
  from space 7744K, 23% used [0x00000007fe550000,0x00000007fe720000,0x00000007fece0000)
  to   space 8128K, 0% used [0x00000007ff810000,0x00000007ff810000,0x0000000800000000)
 ParOldGen       total 86400K, used 19406K [0x0000000781600000, 0x0000000786a60000, 0x00000007d5cb0000)
  object space 86400K, 22% used [0x0000000781600000,0x00000007828f3988,0x0000000786a60000)
 PSPermGen       total 21824K, used 21653K [0x000000077c400000, 0x000000077d950000, 0x0000000781600000)
  object space 21824K, 99% used [0x000000077c400000,0x000000077d9254c8,0x000000077d950000)
}
Event: 7.125 GC heap before
{Heap before GC invocations=14 (full 0):
 PSYoungGen      total 671936K, used 666048K [0x00000007d5cb0000, 0x0000000800000000, 0x0000000800000000)
  eden space 664192K, 100% used [0x00000007d5cb0000,0x00000007fe550000,0x00000007fe550000)
  from space 7744K, 23% used [0x00000007fe550000,0x00000007fe720000,0x00000007fece0000)
  to   space 8128K, 0% used [0x00000007ff810000,0x00000007ff810000,0x0000000800000000)
 ParOldGen       total 86400K, used 19406K [0x0000000781600000, 0x0000000786a60000, 0x00000007d5cb0000)
  object space 86400K, 22% used [0x0000000781600000,0x00000007828f3988,0x0000000786a60000)
 PSPermGen       total 42368K, used 42355K [0x000000077c400000, 0x000000077ed60000, 0x0000000781600000)
  object space 42368K, 99% used [0x000000077c400000,0x000000077ed5ccb8,0x000000077ed60000)
Event: 7.142 GC heap after
Heap after GC invocations=14 (full 0):
 PSYoungGen      total 671488K, used 8097K [0x00000007d5cb0000, 0x0000000800000000, 0x0000000800000000)
  eden space 663360K, 0% used [0x00000007d5cb0000,0x00000007d5cb0000,0x00000007fe480000)
  from space 8128K, 99% used [0x00000007ff810000,0x00000007ffff84e0,0x0000000800000000)
  to   space 14080K, 0% used [0x00000007fe480000,0x00000007fe480000,0x00000007ff240000)
 ParOldGen       total 86400K, used 33331K [0x0000000781600000, 0x0000000786a60000, 0x00000007d5cb0000)
  object space 86400K, 38% used [0x0000000781600000,0x000000078368ccd8,0x0000000786a60000)
 PSPermGen       total 42368K, used 42355K [0x000000077c400000, 0x000000077ed60000, 0x0000000781600000)
  object space 42368K, 99% used [0x000000077c400000,0x000000077ed5ccb8,0x000000077ed60000)
}
Event: 163.686 GC heap before
{Heap before GC invocations=15 (full 0):
 PSYoungGen      total 671488K, used 671457K [0x00000007d5cb0000, 0x0000000800000000, 0x0000000800000000)
  eden space 663360K, 100% used [0x00000007d5cb0000,0x00000007fe480000,0x00000007fe480000)
  from space 8128K, 99% used [0x00000007ff810000,0x00000007ffff84e0,0x0000000800000000)
  to   space 14080K, 0% used [0x00000007fe480000,0x00000007fe480000,0x00000007ff240000)
 ParOldGen       total 86400K, used 33331K [0x0000000781600000, 0x0000000786a60000, 0x00000007d5cb0000)
  object space 86400K, 38% used [0x0000000781600000,0x000000078368ccd8,0x0000000786a60000)
 PSPermGen       total 53120K, used 53006K [0x000000077c400000, 0x000000077f7e0000, 0x0000000781600000)
  object space 53120K, 99% used [0x000000077c400000,0x000000077f7c3b40,0x000000077f7e0000)
Event: 163.719 GC heap after
Heap after GC invocations=15 (full 0):
 PSYoungGen      total 677440K, used 6361K [0x00000007d5cb0000, 0x0000000800000000, 0x0000000800000000)
  eden space 663360K, 0% used [0x00000007d5cb0000,0x00000007d5cb0000,0x00000007fe480000)
  from space 14080K, 45% used [0x00000007fe480000,0x00000007feab66a8,0x00000007ff240000)
  to   space 13440K, 0% used [0x00000007ff2e0000,0x00000007ff2e0000,0x0000000800000000)
 ParOldGen       total 86400K, used 40967K [0x0000000781600000, 0x0000000786a60000, 0x00000007d5cb0000)
  object space 86400K, 47% used [0x0000000781600000,0x0000000783e01d50,0x0000000786a60000)
 PSPermGen       total 53120K, used 53006K [0x000000077c400000, 0x000000077f7e0000, 0x0000000781600000)
  object space 53120K, 99% used [0x000000077c400000,0x000000077f7c3b40,0x000000077f7e0000)
}

